[debug] [2024-03-11T08:20:04.777Z] ----------------------------------------------------------------------
[debug] [2024-03-11T08:20:04.780Z] Command:       C:\Program Files\nodejs\node.exe C:\Users\Asus\AppData\Roaming\npm\node_modules\firebase-tools\lib\bin\firebase.js init hosting
[debug] [2024-03-11T08:20:04.780Z] CLI Version:   13.4.0
[debug] [2024-03-11T08:20:04.780Z] Platform:      win32
[debug] [2024-03-11T08:20:04.781Z] Node Version:  v20.9.0
[debug] [2024-03-11T08:20:04.781Z] Time:          Mon Mar 11 2024 15:20:04 GMT+0700 (Indochina Time)
[debug] [2024-03-11T08:20:04.781Z] ----------------------------------------------------------------------
[debug] 
[debug] [2024-03-11T08:20:04.788Z] > command requires scopes: ["email","openid","https://www.googleapis.com/auth/cloudplatformprojects.readonly","https://www.googleapis.com/auth/firebase","https://www.googleapis.com/auth/cloud-platform"]
[debug] [2024-03-11T08:20:04.788Z] > authorizing via signed-in user (thuanvip418@gmail.com)
[info] 
     ######## #### ########  ######## ########     ###     ######  ########
     ##        ##  ##     ## ##       ##     ##  ##   ##  ##       ##
     ######    ##  ########  ######   ########  #########  ######  ######
     ##        ##  ##    ##  ##       ##     ## ##     ##       ## ##
     ##       #### ##     ## ######## ########  ##     ##  ######  ########

You're about to initialize a Firebase project in this directory:

  D:\DATN\spotify\sound\deploy

[info] 
=== Project Setup
[info] 
[info] First, let's associate this project directory with a Firebase project.
[info] You can create multiple project aliases by running firebase use --add, 
[info] but for now we'll just set up a default project.
[info] 
[debug] [2024-03-11T08:20:20.255Z] >>> [apiv2][query] GET https://firebase.googleapis.com/v1beta1/projects pageSize=100
[debug] [2024-03-11T08:20:21.104Z] <<< [apiv2][status] GET https://firebase.googleapis.com/v1beta1/projects 200
[debug] [2024-03-11T08:20:21.104Z] <<< [apiv2][body] GET https://firebase.googleapis.com/v1beta1/projects [omitted]
[info] i  Using project datn-578a6 (DATN) 
[info] 
=== Hosting Setup
[debug] [2024-03-11T08:20:29.441Z] >>> [apiv2][query] GET https://firebase.googleapis.com/v1beta1/projects/datn-578a6 [none]
[debug] [2024-03-11T08:20:29.909Z] <<< [apiv2][status] GET https://firebase.googleapis.com/v1beta1/projects/datn-578a6 200
[debug] [2024-03-11T08:20:29.909Z] <<< [apiv2][body] GET https://firebase.googleapis.com/v1beta1/projects/datn-578a6 {"projectId":"datn-578a6","projectNumber":"972673057633","displayName":"DATN","name":"projects/datn-578a6","resources":{"hostingSite":"datn-578a6","storageBucket":"datn-578a6.appspot.com","locationId":"asia-northeast2"},"state":"ACTIVE","etag":"1_81aac8f6-b256-4d56-954e-b0ca1f9f1823"}
[info] 
[info] Your public directory is the folder (relative to your project directory) that
[info] will contain Hosting assets to be uploaded with firebase deploy. If you
[info] have a build process for your assets, use your build's output directory.
[info] 
